<?xml version="1.0" encoding="UTF-8"?>
<testng-results ignored="0" total="7" passed="6" failed="1" skipped="0">
  <reporter-output>
  </reporter-output>
  <suite started-at="2025-05-29T13:50:22 IST" name="Default suite" finished-at="2025-05-29T13:51:58 IST" duration-ms="95154">
    <groups>
    </groups>
    <test started-at="2025-05-29T13:50:22 IST" name="Default test" finished-at="2025-05-29T13:51:58 IST" duration-ms="95154">
      <class name="com.openBrowser.ServientAppWithTestNG">
        <test-method is-config="true" signature="run()[pri:0, instance:com.openBrowser.ServientAppWithTestNG@2cc44ad]" started-at="2025-05-29T13:50:09 IST" name="run" finished-at="2025-05-29T13:50:22 IST" duration-ms="13960" status="PASS">
          <reporter-output>
          </reporter-output>
        </test-method> <!-- run -->
        <test-method is-config="true" signature="run1()[pri:0, instance:com.openBrowser.ServientAppWithTestNG@2cc44ad]" started-at="2025-05-29T13:50:22 IST" name="run1" finished-at="2025-05-29T13:50:23 IST" duration-ms="419" status="PASS">
          <reporter-output>
          </reporter-output>
        </test-method> <!-- run1 -->
        <test-method signature="v1()[pri:0, instance:com.openBrowser.ServientAppWithTestNG@2cc44ad]" started-at="2025-05-29T13:50:23 IST" name="v1" finished-at="2025-05-29T13:50:23 IST" duration-ms="54" status="PASS">
          <reporter-output>
          </reporter-output>
        </test-method> <!-- v1 -->
        <test-method signature="v2()[pri:0, instance:com.openBrowser.ServientAppWithTestNG@2cc44ad]" started-at="2025-05-29T13:50:23 IST" name="v2" description="This is the Login Page with Credentials" finished-at="2025-05-29T13:50:27 IST" duration-ms="4102" status="PASS">
          <reporter-output>
          </reporter-output>
        </test-method> <!-- v2 -->
        <test-method signature="v3()[pri:0, instance:com.openBrowser.ServientAppWithTestNG@2cc44ad]" started-at="2025-05-29T13:50:27 IST" name="v3" description="This is the SwitchBioard Of Appliction" finished-at="2025-05-29T13:50:33 IST" duration-ms="5579" status="PASS">
          <reporter-output>
          </reporter-output>
        </test-method> <!-- v3 -->
        <test-method signature="v4()[pri:0, instance:com.openBrowser.ServientAppWithTestNG@2cc44ad]" started-at="2025-05-29T13:50:33 IST" name="v4" description="Case selection..." finished-at="2025-05-29T13:50:42 IST" duration-ms="9253" status="PASS">
          <reporter-output>
          </reporter-output>
        </test-method> <!-- v4 -->
        <test-method signature="v5()[pri:0, instance:com.openBrowser.ServientAppWithTestNG@2cc44ad]" started-at="2025-05-29T13:50:42 IST" name="v5" description="This the Search Functionality with Full-Text Search" finished-at="2025-05-29T13:51:38 IST" duration-ms="56252" status="PASS">
          <reporter-output>
          </reporter-output>
        </test-method> <!-- v5 -->
        <test-method signature="v6()[pri:0, instance:com.openBrowser.ServientAppWithTestNG@2cc44ad]" started-at="2025-05-29T13:51:38 IST" name="v6" description="This is Refresh page Functionality" finished-at="2025-05-29T13:51:46 IST" duration-ms="7885" status="FAIL">
          <exception class="org.openqa.selenium.ElementNotInteractableException">
            <message>
              <![CDATA[element not interactable
  (Session info: chrome=136.0.7103.114)
Build info: version: '4.30.0', revision: '509c7f1'
System info: os.name: 'Mac OS X', os.arch: 'x86_64', os.version: '15.3.1', java.version: '21.0.6'
Driver info: org.openqa.selenium.chrome.ChromeDriver
Command: [e81c425e2a3983fc81d30b9535d0fe3f, clickElement {id=f.1B562A031DE68AADB9E783C3688AB3FE.d.09C4EB6CA7ECD3A42761D89C8146F9CF.e.1623}]
Capabilities {acceptInsecureCerts: false, browserName: chrome, browserVersion: 136.0.7103.114, chrome: {chromedriverVersion: 136.0.7103.113 (76fa3c17824..., userDataDir: /var/folders/jn/kppn8n0d2qv...}, fedcm:accounts: true, goog:chromeOptions: {debuggerAddress: localhost:54880}, networkConnectionEnabled: false, pageLoadStrategy: normal, platformName: mac, proxy: Proxy(), se:cdp: ws://localhost:54880/devtoo..., se:cdpVersion: 136.0.7103.114, setWindowRect: true, strictFileInteractability: false, timeouts: {implicit: 0, pageLoad: 300000, script: 30000}, unhandledPromptBehavior: dismiss and notify, webauthn:extension:credBlob: true, webauthn:extension:largeBlob: true, webauthn:extension:minPinLength: true, webauthn:extension:prf: true, webauthn:virtualAuthenticators: true}
Element: [[ChromeDriver: chrome on mac (e81c425e2a3983fc81d30b9535d0fe3f)] -> xpath: //mat-icon[@class='mat-icon notranslate main-menu-icon material-icons ser-menu-book mat-icon-no-color ng-star-inserted']]
Session ID: e81c425e2a3983fc81d30b9535d0fe3f]]>
            </message>
            <full-stacktrace>
              <![CDATA[org.openqa.selenium.ElementNotInteractableException: element not interactable
  (Session info: chrome=136.0.7103.114)
Build info: version: '4.30.0', revision: '509c7f1'
System info: os.name: 'Mac OS X', os.arch: 'x86_64', os.version: '15.3.1', java.version: '21.0.6'
Driver info: org.openqa.selenium.chrome.ChromeDriver
Command: [e81c425e2a3983fc81d30b9535d0fe3f, clickElement {id=f.1B562A031DE68AADB9E783C3688AB3FE.d.09C4EB6CA7ECD3A42761D89C8146F9CF.e.1623}]
Capabilities {acceptInsecureCerts: false, browserName: chrome, browserVersion: 136.0.7103.114, chrome: {chromedriverVersion: 136.0.7103.113 (76fa3c17824..., userDataDir: /var/folders/jn/kppn8n0d2qv...}, fedcm:accounts: true, goog:chromeOptions: {debuggerAddress: localhost:54880}, networkConnectionEnabled: false, pageLoadStrategy: normal, platformName: mac, proxy: Proxy(), se:cdp: ws://localhost:54880/devtoo..., se:cdpVersion: 136.0.7103.114, setWindowRect: true, strictFileInteractability: false, timeouts: {implicit: 0, pageLoad: 300000, script: 30000}, unhandledPromptBehavior: dismiss and notify, webauthn:extension:credBlob: true, webauthn:extension:largeBlob: true, webauthn:extension:minPinLength: true, webauthn:extension:prf: true, webauthn:virtualAuthenticators: true}
Element: [[ChromeDriver: chrome on mac (e81c425e2a3983fc81d30b9535d0fe3f)] -> xpath: //mat-icon[@class='mat-icon notranslate main-menu-icon material-icons ser-menu-book mat-icon-no-color ng-star-inserted']]
Session ID: e81c425e2a3983fc81d30b9535d0fe3f
at java.base/jdk.internal.reflect.DirectConstructorHandleAccessor.newInstance(DirectConstructorHandleAccessor.java:62)
at java.base/java.lang.reflect.Constructor.newInstanceWithCaller(Constructor.java:502)
at java.base/java.lang.reflect.Constructor.newInstance(Constructor.java:486)
at org.openqa.selenium.remote.ErrorCodec.decode(ErrorCodec.java:167)
at org.openqa.selenium.remote.codec.w3c.W3CHttpResponseCodec.decode(W3CHttpResponseCodec.java:138)
at org.openqa.selenium.remote.codec.w3c.W3CHttpResponseCodec.decode(W3CHttpResponseCodec.java:50)
at org.openqa.selenium.remote.HttpCommandExecutor.execute(HttpCommandExecutor.java:215)
at org.openqa.selenium.remote.service.DriverCommandExecutor.invokeExecute(DriverCommandExecutor.java:216)
at org.openqa.selenium.remote.service.DriverCommandExecutor.execute(DriverCommandExecutor.java:174)
at org.openqa.selenium.remote.RemoteWebDriver.execute(RemoteWebDriver.java:545)
at org.openqa.selenium.remote.RemoteWebElement.execute(RemoteWebElement.java:223)
at org.openqa.selenium.remote.RemoteWebElement.click(RemoteWebElement.java:76)
at com.openBrowser.ServientAppWithTestNG.v6(ServientAppWithTestNG.java:94)
at java.base/jdk.internal.reflect.DirectMethodHandleAccessor.invoke(DirectMethodHandleAccessor.java:103)
at java.base/java.lang.reflect.Method.invoke(Method.java:580)
at org.testng.internal.invokers.MethodInvocationHelper.invokeMethod(MethodInvocationHelper.java:141)
at org.testng.internal.invokers.TestInvoker.invokeMethod(TestInvoker.java:687)
at org.testng.internal.invokers.TestInvoker.invokeTestMethod(TestInvoker.java:230)
at org.testng.internal.invokers.MethodRunner.runInSequence(MethodRunner.java:63)
at org.testng.internal.invokers.TestInvoker$MethodInvocationAgent.invoke(TestInvoker.java:995)
at org.testng.internal.invokers.TestInvoker.invokeTestMethods(TestInvoker.java:203)
at org.testng.internal.invokers.TestMethodWorker.invokeTestMethods(TestMethodWorker.java:154)
at org.testng.internal.invokers.TestMethodWorker.run(TestMethodWorker.java:134)
at java.base/java.util.ArrayList.forEach(ArrayList.java:1596)
at org.testng.TestRunner.privateRun(TestRunner.java:741)
at org.testng.TestRunner.run(TestRunner.java:616)
at org.testng.SuiteRunner.runTest(SuiteRunner.java:421)
at org.testng.SuiteRunner.runSequentially(SuiteRunner.java:413)
at org.testng.SuiteRunner.privateRun(SuiteRunner.java:373)
at org.testng.SuiteRunner.run(SuiteRunner.java:312)
at org.testng.SuiteRunnerWorker.runSuite(SuiteRunnerWorker.java:52)
at org.testng.SuiteRunnerWorker.run(SuiteRunnerWorker.java:95)
at org.testng.TestNG.runSuitesSequentially(TestNG.java:1274)
at org.testng.TestNG.runSuitesLocally(TestNG.java:1208)
at org.testng.TestNG.runSuites(TestNG.java:1112)
at org.testng.TestNG.run(TestNG.java:1079)
at org.testng.remote.AbstractRemoteTestNG.run(AbstractRemoteTestNG.java:115)
at org.testng.remote.RemoteTestNG.initAndRun(RemoteTestNG.java:293)
at org.testng.remote.RemoteTestNG.main(RemoteTestNG.java:91)
]]>
            </full-stacktrace>
          </exception> <!-- org.openqa.selenium.ElementNotInteractableException -->
          <reporter-output>
          </reporter-output>
        </test-method> <!-- v6 -->
        <test-method signature="v7()[pri:0, instance:com.openBrowser.ServientAppWithTestNG@2cc44ad]" started-at="2025-05-29T13:51:46 IST" name="v7" description="This is the Sample Feature" finished-at="2025-05-29T13:51:57 IST" duration-ms="11322" status="PASS">
          <reporter-output>
          </reporter-output>
        </test-method> <!-- v7 -->
        <test-method is-config="true" signature="v8()[pri:0, instance:com.openBrowser.ServientAppWithTestNG@2cc44ad]" started-at="2025-05-29T13:51:57 IST" name="v8" finished-at="2025-05-29T13:51:58 IST" duration-ms="170" status="PASS">
          <reporter-output>
          </reporter-output>
        </test-method> <!-- v8 -->
      </class> <!-- com.openBrowser.ServientAppWithTestNG -->
    </test> <!-- Default test -->
  </suite> <!-- Default suite -->
</testng-results>
