<?xml version="1.0" encoding="UTF-8"?>
<!-- Generated by org.testng.reporters.JUnitReportReporter -->
<testsuite hostname="Bhushans-MacBook-Air.local" failures="0" tests="7" name="com.openBrowser.ServientAppWithTestNG" time="94.447" errors="1" timestamp="2025-05-29T13:51:58 IST" skipped="0">
  <testcase classname="com.openBrowser.ServientAppWithTestNG" name="v3" time="5.579"/>
  <testcase classname="com.openBrowser.ServientAppWithTestNG" name="v5" time="56.252"/>
  <testcase classname="com.openBrowser.ServientAppWithTestNG" name="v6" time="7.885">
    <error message="element not interactable
  (Session info: chrome=136.0.7103.114)
Build info: version: &#039;4.30.0&#039;, revision: &#039;509c7f1&#039;
System info: os.name: &#039;Mac OS X&#039;, os.arch: &#039;x86_64&#039;, os.version: &#039;15.3.1&#039;, java.version: &#039;21.0.6&#039;
Driver info: org.openqa.selenium.chrome.ChromeDriver
Command: [e81c425e2a3983fc81d30b9535d0fe3f, clickElement {id=f.1B562A031DE68AADB9E783C3688AB3FE.d.09C4EB6CA7ECD3A42761D89C8146F9CF.e.1623}]
Capabilities {acceptInsecureCerts: false, browserName: chrome, browserVersion: 136.0.7103.114, chrome: {chromedriverVersion: 136.0.7103.113 (76fa3c17824..., userDataDir: /var/folders/jn/kppn8n0d2qv...}, fedcm:accounts: true, goog:chromeOptions: {debuggerAddress: localhost:54880}, networkConnectionEnabled: false, pageLoadStrategy: normal, platformName: mac, proxy: Proxy(), se:cdp: ws://localhost:54880/devtoo..., se:cdpVersion: 136.0.7103.114, setWindowRect: true, strictFileInteractability: false, timeouts: {implicit: 0, pageLoad: 300000, script: 30000}, unhandledPromptBehavior: dismiss and notify, webauthn:extension:credBlob: true, webauthn:extension:largeBlob: true, webauthn:extension:minPinLength: true, webauthn:extension:prf: true, webauthn:virtualAuthenticators: true}
Element: [[ChromeDriver: chrome on mac (e81c425e2a3983fc81d30b9535d0fe3f)] -&gt; xpath: //mat-icon[@class=&#039;mat-icon notranslate main-menu-icon material-icons ser-menu-book mat-icon-no-color ng-star-inserted&#039;]]
Session ID: e81c425e2a3983fc81d30b9535d0fe3f" type="org.openqa.selenium.ElementNotInteractableException">
      <![CDATA[org.openqa.selenium.ElementNotInteractableException: element not interactable
  (Session info: chrome=136.0.7103.114)
Build info: version: '4.30.0', revision: '509c7f1'
System info: os.name: 'Mac OS X', os.arch: 'x86_64', os.version: '15.3.1', java.version: '21.0.6'
Driver info: org.openqa.selenium.chrome.ChromeDriver
Command: [e81c425e2a3983fc81d30b9535d0fe3f, clickElement {id=f.1B562A031DE68AADB9E783C3688AB3FE.d.09C4EB6CA7ECD3A42761D89C8146F9CF.e.1623}]
Capabilities {acceptInsecureCerts: false, browserName: chrome, browserVersion: 136.0.7103.114, chrome: {chromedriverVersion: 136.0.7103.113 (76fa3c17824..., userDataDir: /var/folders/jn/kppn8n0d2qv...}, fedcm:accounts: true, goog:chromeOptions: {debuggerAddress: localhost:54880}, networkConnectionEnabled: false, pageLoadStrategy: normal, platformName: mac, proxy: Proxy(), se:cdp: ws://localhost:54880/devtoo..., se:cdpVersion: 136.0.7103.114, setWindowRect: true, strictFileInteractability: false, timeouts: {implicit: 0, pageLoad: 300000, script: 30000}, unhandledPromptBehavior: dismiss and notify, webauthn:extension:credBlob: true, webauthn:extension:largeBlob: true, webauthn:extension:minPinLength: true, webauthn:extension:prf: true, webauthn:virtualAuthenticators: true}
Element: [[ChromeDriver: chrome on mac (e81c425e2a3983fc81d30b9535d0fe3f)] -> xpath: //mat-icon[@class='mat-icon notranslate main-menu-icon material-icons ser-menu-book mat-icon-no-color ng-star-inserted']]
Session ID: e81c425e2a3983fc81d30b9535d0fe3f
at java.base/jdk.internal.reflect.DirectConstructorHandleAccessor.newInstance(DirectConstructorHandleAccessor.java:62)
at java.base/java.lang.reflect.Constructor.newInstanceWithCaller(Constructor.java:502)
at java.base/java.lang.reflect.Constructor.newInstance(Constructor.java:486)
at org.openqa.selenium.remote.ErrorCodec.decode(ErrorCodec.java:167)
at org.openqa.selenium.remote.codec.w3c.W3CHttpResponseCodec.decode(W3CHttpResponseCodec.java:138)
at org.openqa.selenium.remote.codec.w3c.W3CHttpResponseCodec.decode(W3CHttpResponseCodec.java:50)
at org.openqa.selenium.remote.HttpCommandExecutor.execute(HttpCommandExecutor.java:215)
at org.openqa.selenium.remote.service.DriverCommandExecutor.invokeExecute(DriverCommandExecutor.java:216)
at org.openqa.selenium.remote.service.DriverCommandExecutor.execute(DriverCommandExecutor.java:174)
at org.openqa.selenium.remote.RemoteWebDriver.execute(RemoteWebDriver.java:545)
at org.openqa.selenium.remote.RemoteWebElement.execute(RemoteWebElement.java:223)
at org.openqa.selenium.remote.RemoteWebElement.click(RemoteWebElement.java:76)
at com.openBrowser.ServientAppWithTestNG.v6(ServientAppWithTestNG.java:94)
at java.base/jdk.internal.reflect.DirectMethodHandleAccessor.invoke(DirectMethodHandleAccessor.java:103)
at java.base/java.lang.reflect.Method.invoke(Method.java:580)
at org.testng.internal.invokers.MethodInvocationHelper.invokeMethod(MethodInvocationHelper.java:141)
at org.testng.internal.invokers.TestInvoker.invokeMethod(TestInvoker.java:687)
at org.testng.internal.invokers.TestInvoker.invokeTestMethod(TestInvoker.java:230)
at org.testng.internal.invokers.MethodRunner.runInSequence(MethodRunner.java:63)
at org.testng.internal.invokers.TestInvoker$MethodInvocationAgent.invoke(TestInvoker.java:995)
at org.testng.internal.invokers.TestInvoker.invokeTestMethods(TestInvoker.java:203)
at org.testng.internal.invokers.TestMethodWorker.invokeTestMethods(TestMethodWorker.java:154)
at org.testng.internal.invokers.TestMethodWorker.run(TestMethodWorker.java:134)
at java.base/java.util.ArrayList.forEach(ArrayList.java:1596)
at org.testng.TestRunner.privateRun(TestRunner.java:741)
at org.testng.TestRunner.run(TestRunner.java:616)
at org.testng.SuiteRunner.runTest(SuiteRunner.java:421)
at org.testng.SuiteRunner.runSequentially(SuiteRunner.java:413)
at org.testng.SuiteRunner.privateRun(SuiteRunner.java:373)
at org.testng.SuiteRunner.run(SuiteRunner.java:312)
at org.testng.SuiteRunnerWorker.runSuite(SuiteRunnerWorker.java:52)
at org.testng.SuiteRunnerWorker.run(SuiteRunnerWorker.java:95)
at org.testng.TestNG.runSuitesSequentially(TestNG.java:1274)
at org.testng.TestNG.runSuitesLocally(TestNG.java:1208)
at org.testng.TestNG.runSuites(TestNG.java:1112)
at org.testng.TestNG.run(TestNG.java:1079)
at org.testng.remote.AbstractRemoteTestNG.run(AbstractRemoteTestNG.java:115)
at org.testng.remote.RemoteTestNG.initAndRun(RemoteTestNG.java:293)
at org.testng.remote.RemoteTestNG.main(RemoteTestNG.java:91)
]]>
    </error>
  </testcase> <!-- v6 -->
  <testcase classname="com.openBrowser.ServientAppWithTestNG" name="v7" time="11.322"/>
  <testcase classname="com.openBrowser.ServientAppWithTestNG" name="v1" time="0.054"/>
  <testcase classname="com.openBrowser.ServientAppWithTestNG" name="v2" time="4.102"/>
  <testcase classname="com.openBrowser.ServientAppWithTestNG" name="v4" time="9.253"/>
</testsuite> <!-- com.openBrowser.ServientAppWithTestNG -->
