<?xml version="1.0" encoding="UTF-8"?>
<!-- Generated by org.testng.reporters.JUnitReportReporter -->
<testsuite hostname="Bhushans-MacBook-Air.local" failures="0" tests="3" name="com.openBrowser.TestNGSample1" time="0.033" errors="0" timestamp="2025-03-27T14:01:08 IST" skipped="0">
  <testcase classname="com.openBrowser.TestNGSample1" name="run" time="0.019"/>
  <testcase classname="com.openBrowser.TestNGSample1" name="run1" time="0.006"/>
  <testcase classname="com.openBrowser.TestNGSample1" name="run2" time="0.008"/>
</testsuite> <!-- com.openBrowser.TestNGSample1 -->
